<?xml version="1.0" encoding="UTF-8"?>
<!-- Generated by org.testng.reporters.JUnitReportReporter -->
<testsuite skipped="0" hostname="Nejlas-MacBook-Air.local" name="automation.AutomationPractice" tests="4" failures="0" timestamp="16 Jul 2018 06:23:45 GMT" time="18.854" errors="0">
  <testcase name="test1" time="2.020" classname="automation.AutomationPractice"/>
  <testcase name="testContactUs" time="6.073" classname="automation.AutomationPractice"/>
  <testcase name="testFindGlove" time="3.339" classname="automation.AutomationPractice"/>
  <testcase name="login" time="7.422" classname="automation.AutomationPractice"/>
</testsuite> <!-- automation.AutomationPractice -->
